
[35m{"level":"http","message":304}[39m
[35m{"level":"http","message":304}[39m
[35m{"level":"http","message":304}[39m
[35m{"level":"http","message":304}[39m
[37m{"level":"debug","message":"message de debug"}[39m
[32m{"level":"info","message":"message d'info"}[39m
[33m{"level":"warn","message":"message d'avertissement"}[39m
[31m{"level":"error","message":"message d'erreur"}[39m
[32m{"level":"info","message":"app is running"}[39m
[37m{"level":"debug","message":"message de debug"}[39m
[32m{"level":"info","message":"message d'info"}[39m
[33m{"level":"warn","message":"message d'avertissement"}[39m
[31m{"level":"error","message":"message d'erreur"}[39m
[32m{"level":"info","message":"app is running"}[39m
[37m{"level":"debug","message":"message de debug"}[39m
[32m{"level":"info","message":"message d'info"}[39m
[33m{"level":"warn","message":"message d'avertissement"}[39m
[31m{"level":"error","message":"message d'erreur"}[39m
[32m{"level":"info","message":"app is running"}[39m
[32m{"level":"info","message":"message d'info"}[39m
[33m{"level":"warn","message":"message d'avertissement"}[39m
[31m{"level":"error","message":"message d'erreur"}[39m
[32m{"level":"info","message":"app is running"}[39m
[32m{"level":"info","message":"message d'info"}[39m
[33m{"level":"warn","message":"message d'avertissement"}[39m
[31m{"level":"error","message":"message d'erreur"}[39m
[32m{"level":"info","message":"app is running"}[39m
[32m{"level":"info","message":"message d'info"}[39m
[33m{"level":"warn","message":"message d'avertissement"}[39m
[31m{"level":"error","message":"message d'erreur"}[39m
[32m{"level":"info","message":"app is running"}[39m
[35m{"level":"http","message":304}[39m
[37m{"level":"debug","message":"message de debug"}[39m
[32m{"level":"info","message":"message d'info"}[39m
[33m{"level":"warn","message":"message d'avertissement"}[39m
[31m{"level":"error","message":"message d'erreur"}[39m
[32m{"level":"info","message":"app is running"}[39m
[35m{"level":"http","message":304}[39m
[32m{"level":"info","message":"message d'info"}[39m
[33m{"level":"warn","message":"message d'avertissement"}[39m
[31m{"level":"error","message":"message d'erreur"}[39m
[32m{"level":"info","message":"app is running"}[39m
[35m{"level":"http","message":304}[39m
[32m{"level":"info","message":"message d'info"}[39m
[33m{"level":"warn","message":"message d'avertissement"}[39m
[31m{"level":"error","message":"message d'erreur"}[39m
[32m{"level":"info","message":"app is running"}[39m
[32m{"level":"info","message":"message d'info"}[39m
[33m{"level":"warn","message":"message d'avertissement"}[39m
[31m{"level":"error","message":"message d'erreur"}[39m
[32m{"level":"info","message":"app is running"}[39m
[32m{"level":"info","message":"message d'info"}[39m
[33m{"level":"warn","message":"message d'avertissement"}[39m
[31m{"level":"error","message":"message d'erreur"}[39m
[32m{"level":"info","message":"app is running"}[39m
[32m{"level":"info","message":"message d'info"}[39m
[33m{"level":"warn","message":"message d'avertissement"}[39m
[31m{"level":"error","message":"message d'erreur"}[39m
[32m{"level":"info","message":"app is running"}[39m
[32m{"level":"info","message":"message d'info"}[39m
[33m{"level":"warn","message":"message d'avertissement"}[39m
[31m{"level":"error","message":"message d'erreur"}[39m
[32m{"level":"info","message":"app is running"}[39m
[32m{"level":"info","message":"message d'info"}[39m
[33m{"level":"warn","message":"message d'avertissement"}[39m
[31m{"level":"error","message":"message d'erreur"}[39m
[32m{"level":"info","message":"app is running"}[39m
[32m{"level":"info","message":"message d'info"}[39m
[33m{"level":"warn","message":"message d'avertissement"}[39m
[31m{"level":"error","message":"message d'erreur"}[39m
[32m{"level":"info","message":"app is running"}[39m
[35m{"level":"http","message":304}[39m
[35m{"level":"http","message":304}[39m
[35m{"level":"http","message":304}[39m
[32m{"level":"info","message":"message d'info"}[39m
[33m{"level":"warn","message":"message d'avertissement"}[39m
[31m{"level":"error","message":"message d'erreur"}[39m
[32m{"level":"info","message":"app is running"}[39m
[32m{"level":"info","message":"message d'info"}[39m
[33m{"level":"warn","message":"message d'avertissement"}[39m
[31m{"level":"error","message":"message d'erreur"}[39m
[32m{"level":"info","message":"app is running"}[39m
[32m{"level":"info","message":"message d'info"}[39m
[33m{"level":"warn","message":"message d'avertissement"}[39m
[31m{"level":"error","message":"message d'erreur"}[39m
[32m{"level":"info","message":"app is running"}[39m
[32m{"level":"info","message":"message d'info"}[39m
[33m{"level":"warn","message":"message d'avertissement"}[39m
[31m{"level":"error","message":"message d'erreur"}[39m
[32m{"level":"info","message":"app is running"}[39m
